======================================================================
DEI SINGLE NEIGHBOR ANALYSIS (TURBOPARK, A=0.02) - OPTIMIZED
======================================================================

Loading data...
Binned wind rose: 24 directions
Dominant direction: 278° (7.7% frequency)
Creating full time series AEP evaluator...
Full time series: 3653 samples (10 years daily data)
Compiling liberal optimizer...
/Users/julianquick/cluster-tradeoffs/.pixi/envs/default/lib/python3.13/site-packages/jax/_src/numpy/array_methods.py:125: UserWarning: Explicitly requested dtype float64 requested in astype is not available, and will be truncated to dtype float32. To enable more dtypes, set the jax_enable_x64 configuration option or the JAX_ENABLE_X64 shell environment variable. See https://github.com/jax-ml/jax#current-gotchas for more.
  return lax_numpy.astype(self, dtype, copy=copy, device=device)

======================================================================
Testing each neighbor farm individually (n_starts=50, max_iter=2000)
Farms to run: [8]
======================================================================

--- Farm 8: dk1c_tender_8 (S) ---
Direction: 163°, Distance: 29.3 km, Turbines: 66
  Start 0: Liberal=5453.1/5322.7, Conservative=5441.2/5311.6 GWh
  Start 1: Liberal=5423.8/5281.5, Conservative=5413.4/5271.6 GWh
  Start 2: Liberal=5468.9/5293.0, Conservative=5460.6/5278.4 GWh
  Start 3: Liberal=5430.9/5281.3, Conservative=5417.3/5270.1 GWh
  Start 4: Liberal=5419.9/5235.5, Conservative=5416.7/5253.0 GWh
  Start 5: Liberal=5445.9/5294.6, Conservative=5446.4/5297.6 GWh
  Start 6: Liberal=5434.4/5275.8, Conservative=5433.7/5278.5 GWh
  Start 7: Liberal=5425.5/5288.5, Conservative=5429.2/5293.3 GWh
  Start 8: Liberal=5419.0/5283.5, Conservative=5415.1/5283.0 GWh
  Start 9: Liberal=5413.6/5261.1, Conservative=5413.7/5264.1 GWh
  Start 10: Liberal=5422.9/5254.3, Conservative=5424.3/5262.6 GWh
  Start 11: Liberal=5469.0/5294.2, Conservative=5462.0/5289.7 GWh
  Start 12: Liberal=5446.1/5249.9, Conservative=5445.5/5261.9 GWh
  Start 13: Liberal=5400.0/5272.6, Conservative=5389.5/5267.5 GWh
  Start 14: Liberal=5448.9/5210.2, Conservative=5443.7/5229.1 GWh
  Start 15: Liberal=5417.2/5265.7, Conservative=5417.8/5266.8 GWh
  Start 16: Liberal=5434.0/5285.1, Conservative=5419.7/5282.8 GWh
  Start 17: Liberal=5419.5/5279.2, Conservative=5408.1/5269.9 GWh
  Start 18: Liberal=5431.0/5275.5, Conservative=5434.9/5282.8 GWh
  Start 19: Liberal=5425.1/5246.8, Conservative=5421.2/5255.1 GWh
  Start 20: Liberal=5404.6/5260.8, Conservative=5397.6/5254.3 GWh
  Start 21: Liberal=5439.5/5298.8, Conservative=5443.8/5301.0 GWh
  Start 22: Liberal=5431.4/5263.5, Conservative=5417.0/5251.9 GWh
  Start 23: Liberal=5442.1/5285.6, Conservative=5437.1/5288.5 GWh
  Start 24: Liberal=5428.3/5274.8, Conservative=5414.7/5276.2 GWh
  Start 25: Liberal=5423.9/5280.6, Conservative=5427.2/5292.9 GWh
  Start 26: Liberal=5413.7/5262.9, Conservative=5406.0/5257.7 GWh
  Start 27: Liberal=5433.2/5287.2, Conservative=5426.9/5284.5 GWh
  Start 28: Liberal=5447.9/5235.8, Conservative=5441.3/5258.1 GWh
  Start 29: Liberal=5456.3/5307.2, Conservative=5450.1/5304.2 GWh
  Start 30: Liberal=5404.7/5249.2, Conservative=5397.3/5252.4 GWh
  Start 31: Liberal=5448.6/5292.4, Conservative=5444.0/5291.8 GWh
  Start 32: Liberal=5438.2/5231.0, Conservative=5439.3/5237.7 GWh
  Start 33: Liberal=5433.1/5271.8, Conservative=5421.5/5262.3 GWh
  Start 34: Liberal=5441.3/5274.7, Conservative=5444.2/5295.3 GWh
  Start 35: Liberal=5413.2/5249.9, Conservative=5410.9/5254.5 GWh
  Start 36: Liberal=5415.2/5249.4, Conservative=5411.6/5257.6 GWh
  Start 37: Liberal=5445.1/5296.3, Conservative=5434.0/5289.5 GWh
  Start 38: Liberal=5415.8/5239.4, Conservative=5418.6/5257.4 GWh
  Start 39: Liberal=5431.3/5281.8, Conservative=5420.3/5271.3 GWh
  Start 40: Liberal=5432.5/5261.3, Conservative=5411.1/5265.4 GWh
  Start 41: Liberal=5425.1/5256.7, Conservative=5412.1/5251.4 GWh
  Start 42: Liberal=5420.6/5227.5, Conservative=5413.5/5235.2 GWh
  Start 43: Liberal=5377.8/5279.0, Conservative=5368.3/5272.7 GWh
  Start 44: Liberal=5456.3/5287.1, Conservative=5453.0/5290.3 GWh
  Start 45: Liberal=5402.3/5236.7, Conservative=5396.7/5228.0 GWh
  Start 46: Liberal=5364.4/5207.6, Conservative=5372.3/5220.6 GWh
  Start 47: Liberal=5450.6/5274.2, Conservative=5441.2/5276.3 GWh
  Start 48: Liberal=5461.8/5290.3, Conservative=5447.4/5288.2 GWh
  Start 49: Liberal=5452.4/5284.8, Conservative=5447.9/5281.6 GWh
Pareto points: 3
Liberal-optimal: 5469.0 / 5294.2 GWh
Conservative-optimal: 5453.1 / 5322.7 GWh
REGRET: 28.51 GWh (0.54%)
Time: 5537.9s
Saved 100 layouts to analysis/dei_A0.02/layouts_farm8.h5

--- SKIPPING ALL 9 NEIGHBORS TOGETHER (--skip-combined) ---

======================================================================
SUMMARY
======================================================================
Farm                            Direction    Regret (GWh)
----------------------------------------------------------------------
dk1c_tender_8 (S)                     163°           28.51

Saved plot to analysis/dei_A0.02/dei_single_neighbor_turbopark_farm8.png
Saved results to analysis/dei_A0.02/dei_single_neighbor_turbopark_farm8.json
