======================================================================
DEI SINGLE NEIGHBOR ANALYSIS (TURBOPARK, A=0.02) - OPTIMIZED
======================================================================

Loading data...
Binned wind rose: 24 directions
Dominant direction: 278° (7.7% frequency)
Creating full time series AEP evaluator...
Full time series: 3653 samples (10 years daily data)
Compiling liberal optimizer...
/Users/julianquick/cluster-tradeoffs/.pixi/envs/default/lib/python3.13/site-packages/jax/_src/numpy/array_methods.py:125: UserWarning: Explicitly requested dtype float64 requested in astype is not available, and will be truncated to dtype float32. To enable more dtypes, set the jax_enable_x64 configuration option or the JAX_ENABLE_X64 shell environment variable. See https://github.com/jax-ml/jax#current-gotchas for more.
  return lax_numpy.astype(self, dtype, copy=copy, device=device)

======================================================================
Testing each neighbor farm individually (n_starts=50, max_iter=2000)
Farms to run: [6]
======================================================================

--- Farm 6: dk1a_tender_6 (E) ---
Direction: 57°, Distance: 43.7 km, Turbines: 66
  Start 0: Liberal=5453.1/5420.0, Conservative=5445.3/5412.3 GWh
  Start 1: Liberal=5423.8/5394.3, Conservative=5423.5/5393.7 GWh
  Start 2: Liberal=5468.9/5438.2, Conservative=5469.0/5437.9 GWh
  Start 3: Liberal=5430.9/5400.1, Conservative=5424.4/5393.6 GWh
  Start 4: Liberal=5419.9/5388.5, Conservative=5414.1/5383.6 GWh
  Start 5: Liberal=5445.9/5414.6, Conservative=5447.9/5416.3 GWh
  Start 6: Liberal=5434.4/5402.1, Conservative=5443.8/5411.9 GWh
  Start 7: Liberal=5425.5/5394.0, Conservative=5424.8/5393.6 GWh
  Start 8: Liberal=5419.0/5389.4, Conservative=5415.7/5386.2 GWh
  Start 9: Liberal=5413.6/5381.9, Conservative=5413.0/5381.5 GWh
  Start 10: Liberal=5422.9/5393.3, Conservative=5416.8/5387.3 GWh
  Start 11: Liberal=5469.0/5440.4, Conservative=5461.8/5432.8 GWh
  Start 12: Liberal=5446.1/5414.8, Conservative=5446.8/5415.1 GWh
  Start 13: Liberal=5400.0/5368.0, Conservative=5391.6/5359.3 GWh
  Start 14: Liberal=5448.9/5420.3, Conservative=5441.7/5412.8 GWh
  Start 15: Liberal=5417.2/5385.9, Conservative=5414.9/5383.8 GWh
  Start 16: Liberal=5434.0/5403.3, Conservative=5430.4/5399.7 GWh
  Start 17: Liberal=5419.5/5390.3, Conservative=5421.9/5392.2 GWh
  Start 18: Liberal=5431.0/5400.3, Conservative=5424.7/5394.3 GWh
  Start 19: Liberal=5425.1/5394.1, Conservative=5423.5/5392.8 GWh
  Start 20: Liberal=5404.6/5375.1, Conservative=5408.1/5378.7 GWh
  Start 21: Liberal=5439.5/5408.2, Conservative=5440.5/5409.7 GWh
  Start 22: Liberal=5431.4/5400.8, Conservative=5436.0/5405.4 GWh
  Start 23: Liberal=5442.1/5410.1, Conservative=5440.5/5408.5 GWh
  Start 24: Liberal=5428.3/5398.4, Conservative=5430.3/5400.0 GWh
  Start 25: Liberal=5423.9/5393.6, Conservative=5429.1/5398.7 GWh
  Start 26: Liberal=5413.7/5384.3, Conservative=5414.9/5385.7 GWh
  Start 27: Liberal=5433.2/5401.4, Conservative=5433.2/5401.5 GWh
  Start 28: Liberal=5447.9/5415.8, Conservative=5444.3/5412.3 GWh
  Start 29: Liberal=5456.3/5426.5, Conservative=5454.5/5424.7 GWh
  Start 30: Liberal=5404.7/5374.0, Conservative=5404.7/5374.2 GWh
  Start 31: Liberal=5448.6/5417.9, Conservative=5442.5/5411.8 GWh
  Start 32: Liberal=5438.2/5408.5, Conservative=5429.9/5400.7 GWh
  Start 33: Liberal=5433.1/5402.4, Conservative=5423.2/5393.3 GWh
  Start 34: Liberal=5441.3/5409.8, Conservative=5443.3/5411.7 GWh
  Start 35: Liberal=5413.2/5383.4, Conservative=5411.8/5382.6 GWh
  Start 36: Liberal=5415.2/5386.1, Conservative=5412.4/5383.3 GWh
  Start 37: Liberal=5445.1/5414.6, Conservative=5427.0/5397.4 GWh
  Start 38: Liberal=5415.8/5386.4, Conservative=5416.2/5386.9 GWh
  Start 39: Liberal=5431.3/5399.4, Conservative=5430.4/5399.0 GWh
  Start 40: Liberal=5432.5/5403.7, Conservative=5430.7/5401.9 GWh
  Start 41: Liberal=5425.1/5394.0, Conservative=5434.6/5403.4 GWh
  Start 42: Liberal=5420.6/5391.9, Conservative=5412.4/5384.1 GWh
  Start 43: Liberal=5377.8/5345.2, Conservative=5375.0/5341.8 GWh
  Start 44: Liberal=5456.3/5425.4, Conservative=5452.6/5422.1 GWh
  Start 45: Liberal=5402.3/5373.5, Conservative=5395.2/5367.1 GWh
  Start 46: Liberal=5364.4/5336.7, Conservative=5368.0/5340.5 GWh
  Start 47: Liberal=5450.6/5418.6, Conservative=5453.4/5421.4 GWh
  Start 48: Liberal=5461.8/5432.3, Conservative=5451.6/5422.3 GWh
  Start 49: Liberal=5452.4/5421.5, Conservative=5449.8/5419.2 GWh
Pareto points: 2
Liberal-optimal: 5469.0 / 5437.9 GWh
Conservative-optimal: 5469.0 / 5440.4 GWh
REGRET: 2.48 GWh (0.05%)
Time: 4869.8s
Saved 100 layouts to analysis/dei_A0.02/layouts_farm6.h5

--- SKIPPING ALL 9 NEIGHBORS TOGETHER (--skip-combined) ---

======================================================================
SUMMARY
======================================================================
Farm                            Direction    Regret (GWh)
----------------------------------------------------------------------
dk1a_tender_6 (E)                      57°            2.48

Saved plot to analysis/dei_A0.02/dei_single_neighbor_turbopark_farm6.png
Saved results to analysis/dei_A0.02/dei_single_neighbor_turbopark_farm6.json
