======================================================================
DEI SINGLE NEIGHBOR ANALYSIS (TURBOPARK, A=0.02) - OPTIMIZED
======================================================================

Loading data...
Binned wind rose: 24 directions
Dominant direction: 278° (7.7% frequency)
Creating full time series AEP evaluator...
Full time series: 3653 samples (10 years daily data)
Compiling liberal optimizer...
/Users/julianquick/cluster-tradeoffs/.pixi/envs/default/lib/python3.13/site-packages/jax/_src/numpy/array_methods.py:125: UserWarning: Explicitly requested dtype float64 requested in astype is not available, and will be truncated to dtype float32. To enable more dtypes, set the jax_enable_x64 configuration option or the JAX_ENABLE_X64 shell environment variable. See https://github.com/jax-ml/jax#current-gotchas for more.
  return lax_numpy.astype(self, dtype, copy=copy, device=device)

======================================================================
Testing each neighbor farm individually (n_starts=50, max_iter=2000)
Farms to run: [4]
======================================================================

--- Farm 4: dk0Y_tender_4 (N) ---
Direction: 349°, Distance: 55.2 km, Turbines: 66
  Start 0: Liberal=5453.1/5425.5, Conservative=5455.2/5427.8 GWh
  Start 1: Liberal=5423.8/5400.2, Conservative=5420.1/5396.4 GWh
  Start 2: Liberal=5468.9/5444.8, Conservative=5464.7/5441.3 GWh
  Start 3: Liberal=5430.9/5406.8, Conservative=5421.2/5397.6 GWh
  Start 4: Liberal=5419.9/5395.3, Conservative=5415.6/5391.1 GWh
  Start 5: Liberal=5445.9/5420.5, Conservative=5445.8/5420.6 GWh
  Start 6: Liberal=5434.4/5408.0, Conservative=5436.2/5410.2 GWh
  Start 7: Liberal=5425.5/5400.8, Conservative=5426.5/5402.1 GWh
  Start 8: Liberal=5419.0/5395.9, Conservative=5420.6/5397.6 GWh
  Start 9: Liberal=5413.6/5388.8, Conservative=5415.2/5390.4 GWh
  Start 10: Liberal=5422.9/5399.8, Conservative=5425.5/5403.0 GWh
  Start 11: Liberal=5469.0/5446.9, Conservative=5468.4/5446.6 GWh
  Start 12: Liberal=5446.1/5421.4, Conservative=5434.5/5410.1 GWh
  Start 13: Liberal=5400.0/5374.9, Conservative=5391.0/5365.8 GWh
  Start 14: Liberal=5448.9/5426.2, Conservative=5444.2/5421.9 GWh
  Start 15: Liberal=5417.2/5392.7, Conservative=5423.2/5398.9 GWh
  Start 16: Liberal=5434.0/5410.2, Conservative=5430.4/5406.3 GWh
  Start 17: Liberal=5419.5/5397.1, Conservative=5423.2/5400.3 GWh
  Start 18: Liberal=5431.0/5406.3, Conservative=5428.1/5403.7 GWh
  Start 19: Liberal=5425.1/5401.2, Conservative=5427.7/5403.7 GWh
  Start 20: Liberal=5404.6/5382.4, Conservative=5407.7/5385.5 GWh
  Start 21: Liberal=5439.5/5415.4, Conservative=5438.6/5414.5 GWh
  Start 22: Liberal=5431.4/5408.1, Conservative=5434.7/5411.3 GWh
  Start 23: Liberal=5442.1/5416.4, Conservative=5441.8/5416.4 GWh
  Start 24: Liberal=5428.3/5404.7, Conservative=5415.3/5392.4 GWh
  Start 25: Liberal=5423.9/5400.6, Conservative=5426.2/5402.8 GWh
  Start 26: Liberal=5413.7/5390.3, Conservative=5413.8/5390.3 GWh
  Start 27: Liberal=5433.2/5408.4, Conservative=5435.9/5411.1 GWh
  Start 28: Liberal=5447.9/5423.9, Conservative=5448.9/5424.9 GWh
  Start 29: Liberal=5456.3/5433.6, Conservative=5454.7/5431.8 GWh
  Start 30: Liberal=5404.7/5380.6, Conservative=5403.9/5379.9 GWh
  Start 31: Liberal=5448.6/5424.5, Conservative=5453.9/5429.8 GWh
  Start 32: Liberal=5438.2/5415.3, Conservative=5440.9/5418.4 GWh
  Start 33: Liberal=5433.1/5409.6, Conservative=5420.6/5397.7 GWh
  Start 34: Liberal=5441.3/5415.9, Conservative=5440.5/5415.3 GWh
  Start 35: Liberal=5413.2/5390.1, Conservative=5412.0/5389.1 GWh
  Start 36: Liberal=5415.2/5393.1, Conservative=5411.0/5389.3 GWh
  Start 37: Liberal=5445.1/5421.7, Conservative=5433.8/5410.9 GWh
  Start 38: Liberal=5415.8/5392.7, Conservative=5424.1/5401.4 GWh
  Start 39: Liberal=5431.3/5407.1, Conservative=5425.0/5401.1 GWh
  Start 40: Liberal=5432.5/5410.4, Conservative=5436.6/5414.3 GWh
  Start 41: Liberal=5425.1/5400.5, Conservative=5435.1/5410.7 GWh
  Start 42: Liberal=5420.6/5398.2, Conservative=5422.3/5400.0 GWh
  Start 43: Liberal=5377.8/5351.3, Conservative=5376.6/5350.4 GWh
  Start 44: Liberal=5456.3/5431.6, Conservative=5446.0/5421.5 GWh
  Start 45: Liberal=5402.3/5379.8, Conservative=5407.8/5385.6 GWh
  Start 46: Liberal=5364.4/5343.1, Conservative=5367.4/5346.0 GWh
  Start 47: Liberal=5450.6/5424.8, Conservative=5453.9/5427.8 GWh
  Start 48: Liberal=5461.8/5439.2, Conservative=5454.7/5432.4 GWh
  Start 49: Liberal=5452.4/5428.3, Conservative=5454.9/5430.7 GWh
Pareto points: 1
Liberal-optimal: 5469.0 / 5446.9 GWh
Conservative-optimal: 5469.0 / 5446.9 GWh
REGRET: 0.00 GWh (0.00%)
Time: 4641.5s
Saved 100 layouts to analysis/dei_A0.02/layouts_farm4.h5

--- SKIPPING ALL 9 NEIGHBORS TOGETHER (--skip-combined) ---

======================================================================
SUMMARY
======================================================================
Farm                            Direction    Regret (GWh)
----------------------------------------------------------------------
dk0Y_tender_4 (N)                     349°            0.00

Saved plot to analysis/dei_A0.02/dei_single_neighbor_turbopark_farm4.png
Saved results to analysis/dei_A0.02/dei_single_neighbor_turbopark_farm4.json
