======================================================================
DEI SINGLE NEIGHBOR ANALYSIS (TURBOPARK, A=0.02) - OPTIMIZED
======================================================================

Loading data...
Binned wind rose: 24 directions
Dominant direction: 278° (7.7% frequency)
Creating full time series AEP evaluator...
Full time series: 3653 samples (10 years daily data)
Compiling liberal optimizer...
/Users/julianquick/cluster-tradeoffs/.pixi/envs/default/lib/python3.13/site-packages/jax/_src/numpy/array_methods.py:125: UserWarning: Explicitly requested dtype float64 requested in astype is not available, and will be truncated to dtype float32. To enable more dtypes, set the jax_enable_x64 configuration option or the JAX_ENABLE_X64 shell environment variable. See https://github.com/jax-ml/jax#current-gotchas for more.
  return lax_numpy.astype(self, dtype, copy=copy, device=device)

======================================================================
Testing each neighbor farm individually (n_starts=50, max_iter=2000)
Farms to run: [1]
======================================================================

--- Farm 1: dk1d_tender_9 (SW) ---
Direction: 214°, Distance: 38.9 km, Turbines: 66
  Start 0: Liberal=5453.1/5344.7, Conservative=5454.2/5348.7 GWh
  Start 1: Liberal=5423.8/5307.1, Conservative=5420.4/5303.9 GWh
  Start 2: Liberal=5468.9/5355.8, Conservative=5463.4/5350.1 GWh
  Start 3: Liberal=5430.9/5323.1, Conservative=5410.8/5303.7 GWh
  Start 4: Liberal=5419.9/5311.3, Conservative=5412.0/5304.8 GWh
  Start 5: Liberal=5445.9/5333.3, Conservative=5443.7/5331.1 GWh
  Start 6: Liberal=5434.4/5330.5, Conservative=5426.5/5321.9 GWh
  Start 7: Liberal=5425.5/5307.9, Conservative=5422.5/5304.5 GWh
  Start 8: Liberal=5419.0/5299.1, Conservative=5411.3/5293.7 GWh
  Start 9: Liberal=5413.6/5307.7, Conservative=5408.6/5303.8 GWh
  Start 10: Liberal=5422.9/5306.6, Conservative=5418.2/5303.3 GWh
  Start 11: Liberal=5469.0/5337.6, Conservative=5457.4/5328.9 GWh
  Start 12: Liberal=5446.1/5329.6, Conservative=5442.9/5328.1 GWh
  Start 13: Liberal=5400.0/5298.2, Conservative=5390.1/5288.7 GWh
  Start 14: Liberal=5448.9/5328.0, Conservative=5445.2/5324.1 GWh
  Start 15: Liberal=5417.2/5312.5, Conservative=5422.0/5316.4 GWh
  Start 16: Liberal=5434.0/5322.9, Conservative=5418.3/5309.6 GWh
  Start 17: Liberal=5419.5/5304.1, Conservative=5415.1/5300.7 GWh
  Start 18: Liberal=5431.0/5311.8, Conservative=5436.1/5317.2 GWh
  Start 19: Liberal=5425.1/5314.9, Conservative=5411.9/5301.7 GWh
  Start 20: Liberal=5404.6/5282.4, Conservative=5395.8/5275.2 GWh
  Start 21: Liberal=5439.5/5326.3, Conservative=5441.7/5328.7 GWh
  Start 22: Liberal=5431.4/5318.8, Conservative=5419.3/5307.1 GWh
  Start 23: Liberal=5442.1/5327.5, Conservative=5438.4/5323.5 GWh
  Start 24: Liberal=5428.3/5314.9, Conservative=5408.5/5298.8 GWh
  Start 25: Liberal=5423.9/5307.8, Conservative=5432.7/5318.6 GWh
  Start 26: Liberal=5413.7/5297.6, Conservative=5399.7/5284.8 GWh
  Start 27: Liberal=5433.2/5322.7, Conservative=5432.0/5321.6 GWh
  Start 28: Liberal=5447.9/5339.1, Conservative=5447.2/5339.4 GWh
  Start 29: Liberal=5456.3/5338.7, Conservative=5453.8/5335.5 GWh
  Start 30: Liberal=5404.7/5293.3, Conservative=5399.8/5289.7 GWh
  Start 31: Liberal=5448.6/5329.2, Conservative=5441.6/5324.2 GWh
  Start 32: Liberal=5438.2/5324.0, Conservative=5434.0/5319.3 GWh
  Start 33: Liberal=5433.1/5314.8, Conservative=5416.7/5298.7 GWh
  Start 34: Liberal=5441.3/5332.9, Conservative=5438.4/5329.4 GWh
  Start 35: Liberal=5413.2/5297.3, Conservative=5411.6/5296.5 GWh
  Start 36: Liberal=5415.2/5299.1, Conservative=5410.1/5294.8 GWh
  Start 37: Liberal=5445.1/5320.4, Conservative=5432.6/5307.8 GWh
  Start 38: Liberal=5415.8/5295.7, Conservative=5415.6/5294.2 GWh
  Start 39: Liberal=5431.3/5318.0, Conservative=5429.0/5316.3 GWh
  Start 40: Liberal=5432.5/5315.6, Conservative=5408.7/5295.3 GWh
  Start 41: Liberal=5425.1/5314.7, Conservative=5410.3/5302.8 GWh
  Start 42: Liberal=5420.6/5303.2, Conservative=5414.8/5298.7 GWh
  Start 43: Liberal=5377.8/5283.8, Conservative=5365.3/5273.4 GWh
  Start 44: Liberal=5456.3/5340.2, Conservative=5437.4/5321.8 GWh
  Start 45: Liberal=5402.3/5287.6, Conservative=5396.0/5281.4 GWh
  Start 46: Liberal=5364.4/5249.4, Conservative=5369.5/5255.0 GWh
  Start 47: Liberal=5450.6/5342.6, Conservative=5442.1/5336.6 GWh
  Start 48: Liberal=5461.8/5344.4, Conservative=5446.3/5331.0 GWh
  Start 49: Liberal=5452.4/5335.6, Conservative=5447.5/5330.7 GWh
Pareto points: 2
Liberal-optimal: 5469.0 / 5337.6 GWh
Conservative-optimal: 5468.9 / 5355.8 GWh
REGRET: 18.19 GWh (0.34%)
Time: 26194.8s
Saved 100 layouts to analysis/dei_A0.02/layouts_farm1.h5

--- SKIPPING ALL 9 NEIGHBORS TOGETHER (--skip-combined) ---

======================================================================
SUMMARY
======================================================================
Farm                            Direction    Regret (GWh)
----------------------------------------------------------------------
dk1d_tender_9 (SW)                    214°           18.19

Saved plot to analysis/dei_A0.02/dei_single_neighbor_turbopark_farm1.png
Saved results to analysis/dei_A0.02/dei_single_neighbor_turbopark_farm1.json
