======================================================================
DEI SINGLE NEIGHBOR ANALYSIS (TURBOPARK, A=0.02) - OPTIMIZED
======================================================================

Loading data...
Binned wind rose: 24 directions
Dominant direction: 278° (7.7% frequency)
Creating full time series AEP evaluator...
Full time series: 3653 samples (10 years daily data)
Compiling liberal optimizer...
/Users/julianquick/cluster-tradeoffs/.pixi/envs/default/lib/python3.13/site-packages/jax/_src/numpy/array_methods.py:125: UserWarning: Explicitly requested dtype float64 requested in astype is not available, and will be truncated to dtype float32. To enable more dtypes, set the jax_enable_x64 configuration option or the JAX_ENABLE_X64 shell environment variable. See https://github.com/jax-ml/jax#current-gotchas for more.
  return lax_numpy.astype(self, dtype, copy=copy, device=device)

======================================================================
Testing each neighbor farm individually (n_starts=50, max_iter=2000)
Farms to run: [3]
======================================================================

--- Farm 3: dk0v_tender_1 (NW) ---
Direction: 335°, Distance: 29.2 km, Turbines: 66
  Start 0: Liberal=5453.1/5335.1, Conservative=5445.6/5327.4 GWh
  Start 1: Liberal=5423.8/5331.9, Conservative=5421.4/5330.0 GWh
  Start 2: Liberal=5468.9/5364.8, Conservative=5457.4/5356.3 GWh
  Start 3: Liberal=5430.9/5327.4, Conservative=5410.7/5311.7 GWh
  Start 4: Liberal=5419.9/5326.2, Conservative=5404.8/5314.4 GWh
  Start 5: Liberal=5445.9/5343.7, Conservative=5440.9/5339.4 GWh
  Start 6: Liberal=5434.4/5319.1, Conservative=5432.9/5317.7 GWh
  Start 7: Liberal=5425.5/5326.9, Conservative=5427.8/5329.8 GWh
  Start 8: Liberal=5419.0/5321.1, Conservative=5419.7/5321.2 GWh
  Start 9: Liberal=5413.6/5313.9, Conservative=5405.1/5305.7 GWh
  Start 10: Liberal=5422.9/5331.3, Conservative=5413.0/5324.8 GWh
  Start 11: Liberal=5469.0/5380.0, Conservative=5465.6/5377.2 GWh
  Start 12: Liberal=5446.1/5342.0, Conservative=5430.5/5331.6 GWh
  Start 13: Liberal=5400.0/5297.8, Conservative=5385.8/5284.8 GWh
  Start 14: Liberal=5448.9/5361.7, Conservative=5442.7/5357.1 GWh
  Start 15: Liberal=5417.2/5315.0, Conservative=5420.2/5320.1 GWh
  Start 16: Liberal=5434.0/5329.6, Conservative=5427.7/5322.8 GWh
  Start 17: Liberal=5419.5/5328.9, Conservative=5413.8/5326.1 GWh
  Start 18: Liberal=5431.0/5335.8, Conservative=5426.8/5332.3 GWh
  Start 19: Liberal=5425.1/5320.1, Conservative=5425.3/5320.0 GWh
  Start 20: Liberal=5404.6/5316.9, Conservative=5410.0/5321.8 GWh
  Start 21: Liberal=5439.5/5331.1, Conservative=5440.4/5333.3 GWh
  Start 22: Liberal=5431.4/5333.2, Conservative=5425.0/5328.1 GWh
  Start 23: Liberal=5442.1/5338.1, Conservative=5445.5/5341.8 GWh
  Start 24: Liberal=5428.3/5336.1, Conservative=5404.9/5315.6 GWh
  Start 25: Liberal=5423.9/5323.9, Conservative=5428.0/5329.0 GWh
  Start 26: Liberal=5413.7/5318.8, Conservative=5414.3/5318.7 GWh
  Start 27: Liberal=5433.2/5331.9, Conservative=5432.4/5330.1 GWh
  Start 28: Liberal=5447.9/5351.0, Conservative=5447.9/5350.3 GWh
  Start 29: Liberal=5456.3/5354.3, Conservative=5441.1/5341.2 GWh
  Start 30: Liberal=5404.7/5303.4, Conservative=5397.3/5295.7 GWh
  Start 31: Liberal=5448.6/5347.9, Conservative=5451.9/5353.0 GWh
  Start 32: Liberal=5438.2/5342.3, Conservative=5430.2/5338.8 GWh
  Start 33: Liberal=5433.1/5334.8, Conservative=5428.4/5332.7 GWh
  Start 34: Liberal=5441.3/5325.5, Conservative=5434.1/5323.6 GWh
  Start 35: Liberal=5413.2/5320.3, Conservative=5414.5/5323.0 GWh
  Start 36: Liberal=5415.2/5317.0, Conservative=5410.8/5314.8 GWh
  Start 37: Liberal=5445.1/5350.5, Conservative=5432.5/5340.8 GWh
  Start 38: Liberal=5415.8/5317.0, Conservative=5418.3/5321.4 GWh
  Start 39: Liberal=5431.3/5332.1, Conservative=5422.8/5326.4 GWh
  Start 40: Liberal=5432.5/5332.9, Conservative=5426.2/5326.4 GWh
  Start 41: Liberal=5425.1/5322.5, Conservative=5414.8/5310.0 GWh
  Start 42: Liberal=5420.6/5329.9, Conservative=5419.7/5333.3 GWh
  Start 43: Liberal=5377.8/5257.3, Conservative=5370.2/5250.9 GWh
  Start 44: Liberal=5456.3/5356.4, Conservative=5435.0/5338.4 GWh
  Start 45: Liberal=5402.3/5310.2, Conservative=5394.4/5308.5 GWh
  Start 46: Liberal=5364.4/5278.8, Conservative=5370.4/5285.2 GWh
  Start 47: Liberal=5450.6/5344.9, Conservative=5438.4/5333.0 GWh
  Start 48: Liberal=5461.8/5365.3, Conservative=5446.2/5349.0 GWh
  Start 49: Liberal=5452.4/5356.5, Conservative=5450.1/5356.0 GWh
Pareto points: 1
Liberal-optimal: 5469.0 / 5380.0 GWh
Conservative-optimal: 5469.0 / 5380.0 GWh
REGRET: 0.00 GWh (0.00%)
Time: 25938.4s
Saved 100 layouts to analysis/dei_A0.02/layouts_farm3.h5

--- SKIPPING ALL 9 NEIGHBORS TOGETHER (--skip-combined) ---

======================================================================
SUMMARY
======================================================================
Farm                            Direction    Regret (GWh)
----------------------------------------------------------------------
dk0v_tender_1 (NW)                    335°            0.00

Saved plot to analysis/dei_A0.02/dei_single_neighbor_turbopark_farm3.png
Saved results to analysis/dei_A0.02/dei_single_neighbor_turbopark_farm3.json
