======================================================================
DEI SINGLE NEIGHBOR ANALYSIS (TURBOPARK, A=0.1) - OPTIMIZED
======================================================================

Loading data...
Binned wind rose: 24 directions
Dominant direction: 278° (7.7% frequency)
Creating full time series AEP evaluator...
Full time series: 3653 samples (10 years daily data)
Compiling liberal optimizer...
/Users/julianquick/cluster-tradeoffs/.pixi/envs/default/lib/python3.13/site-packages/jax/_src/numpy/array_methods.py:125: UserWarning: Explicitly requested dtype float64 requested in astype is not available, and will be truncated to dtype float32. To enable more dtypes, set the jax_enable_x64 configuration option or the JAX_ENABLE_X64 shell environment variable. See https://github.com/jax-ml/jax#current-gotchas for more.
  return lax_numpy.astype(self, dtype, copy=copy, device=device)

======================================================================
Testing each neighbor farm individually (n_starts=50, max_iter=2000)
Farms to run: [2]
======================================================================

--- Farm 2: dk0z_tender_5 (W) ---
Direction: 262°, Distance: 21.9 km, Turbines: 66
  Start 0: Liberal=5723.2/5672.2, Conservative=5716.8/5665.7 GWh
  Start 1: Liberal=5706.9/5658.2, Conservative=5701.6/5653.9 GWh
  Start 2: Liberal=5727.4/5677.5, Conservative=5729.9/5681.4 GWh
  Start 3: Liberal=5711.7/5663.0, Conservative=5706.6/5658.2 GWh
  Start 4: Liberal=5718.9/5673.1, Conservative=5713.6/5668.2 GWh
  Start 5: Liberal=5719.1/5668.1, Conservative=5720.6/5670.3 GWh
  Start 6: Liberal=5724.1/5674.1, Conservative=5716.5/5667.4 GWh
  Start 7: Liberal=5719.7/5668.7, Conservative=5717.2/5666.6 GWh
  Start 8: Liberal=5703.4/5648.6, Conservative=5700.8/5648.2 GWh
  Start 9: Liberal=5702.5/5654.8, Conservative=5700.9/5652.7 GWh
  Start 10: Liberal=5711.7/5660.7, Conservative=5717.5/5667.5 GWh
  Start 11: Liberal=5727.4/5673.2, Conservative=5725.5/5671.5 GWh
  Start 12: Liberal=5725.7/5679.9, Conservative=5718.5/5673.2 GWh
  Start 13: Liberal=5702.2/5653.0, Conservative=5694.5/5646.6 GWh
  Start 14: Liberal=5718.1/5671.4, Conservative=5713.1/5666.9 GWh
  Start 15: Liberal=5711.5/5663.3, Conservative=5712.1/5664.5 GWh
  Start 16: Liberal=5718.0/5669.0, Conservative=5710.1/5662.0 GWh
  Start 17: Liberal=5718.4/5666.7, Conservative=5707.4/5655.0 GWh
  Start 18: Liberal=5718.9/5669.0, Conservative=5715.0/5665.4 GWh
  Start 19: Liberal=5716.0/5665.0, Conservative=5707.8/5656.8 GWh
  Start 20: Liberal=5702.6/5648.5, Conservative=5702.3/5649.4 GWh
  Start 21: Liberal=5717.9/5665.7, Conservative=5711.9/5660.9 GWh
  Start 22: Liberal=5712.5/5663.7, Conservative=5704.8/5656.7 GWh
  Start 23: Liberal=5718.7/5670.0, Conservative=5713.7/5666.8 GWh
  Start 24: Liberal=5714.8/5664.0, Conservative=5713.6/5663.1 GWh
  Start 25: Liberal=5721.1/5667.7, Conservative=5711.3/5657.5 GWh
  Start 26: Liberal=5705.1/5654.7, Conservative=5699.9/5652.4 GWh
  Start 27: Liberal=5717.9/5666.1, Conservative=5716.3/5665.3 GWh
  Start 28: Liberal=5723.1/5676.5, Conservative=5721.1/5674.9 GWh
  Start 29: Liberal=5725.2/5672.8, Conservative=5719.0/5667.7 GWh
  Start 30: Liberal=5715.7/5663.5, Conservative=5700.0/5651.1 GWh
  Start 31: Liberal=5725.1/5676.3, Conservative=5723.7/5675.0 GWh
  Start 32: Liberal=5722.5/5672.2, Conservative=5714.6/5666.4 GWh
  Start 33: Liberal=5714.1/5664.7, Conservative=5712.4/5663.6 GWh
  Start 34: Liberal=5712.7/5664.2, Conservative=5716.4/5667.4 GWh
  Start 35: Liberal=5708.0/5656.0, Conservative=5705.6/5653.6 GWh
  Start 36: Liberal=5706.5/5655.8, Conservative=5702.8/5652.5 GWh
  Start 37: Liberal=5714.1/5661.9, Conservative=5714.2/5662.3 GWh
  Start 38: Liberal=5711.8/5660.8, Conservative=5707.2/5657.5 GWh
  Start 39: Liberal=5720.0/5669.1, Conservative=5717.9/5668.3 GWh
  Start 40: Liberal=5712.8/5657.9, Conservative=5709.8/5656.8 GWh
  Start 41: Liberal=5727.5/5679.4, Conservative=5718.9/5670.4 GWh
  Start 42: Liberal=5713.6/5664.3, Conservative=5708.1/5660.4 GWh
  Start 43: Liberal=5700.3/5648.2, Conservative=5688.1/5637.8 GWh
  Start 44: Liberal=5731.2/5681.1, Conservative=5721.2/5672.8 GWh
  Start 45: Liberal=5710.5/5660.9, Conservative=5702.2/5653.3 GWh
  Start 46: Liberal=5703.5/5652.2, Conservative=5695.1/5643.9 GWh
  Start 47: Liberal=5720.8/5674.1, Conservative=5720.6/5673.4 GWh
  Start 48: Liberal=5725.2/5673.9, Conservative=5726.9/5678.7 GWh
  Start 49: Liberal=5725.1/5673.9, Conservative=5728.3/5678.3 GWh
Pareto points: 2
Liberal-optimal: 5731.2 / 5681.1 GWh
Conservative-optimal: 5729.9 / 5681.4 GWh
REGRET: 0.30 GWh (0.01%)
Time: 26591.1s
Saved 100 layouts to analysis/dei_A0.10/layouts_farm2.h5

--- SKIPPING ALL 9 NEIGHBORS TOGETHER (--skip-combined) ---

======================================================================
SUMMARY
======================================================================
Farm                            Direction    Regret (GWh)
----------------------------------------------------------------------
dk0z_tender_5 (W)                     262°            0.30

Saved plot to analysis/dei_A0.10/dei_single_neighbor_turbopark_farm2.png
Saved results to analysis/dei_A0.10/dei_single_neighbor_turbopark_farm2.json
