======================================================================
DEI SINGLE NEIGHBOR ANALYSIS (TURBOPARK, A=0.1) - OPTIMIZED
======================================================================

Loading data...
Binned wind rose: 24 directions
Dominant direction: 278° (7.7% frequency)
Creating full time series AEP evaluator...
Full time series: 3653 samples (10 years daily data)
Compiling liberal optimizer...
/Users/julianquick/cluster-tradeoffs/.pixi/envs/default/lib/python3.13/site-packages/jax/_src/numpy/array_methods.py:125: UserWarning: Explicitly requested dtype float64 requested in astype is not available, and will be truncated to dtype float32. To enable more dtypes, set the jax_enable_x64 configuration option or the JAX_ENABLE_X64 shell environment variable. See https://github.com/jax-ml/jax#current-gotchas for more.
  return lax_numpy.astype(self, dtype, copy=copy, device=device)

======================================================================
Testing each neighbor farm individually (n_starts=50, max_iter=2000)
Farms to run: [1]
======================================================================

--- Farm 1: dk1d_tender_9 (SW) ---
Direction: 214°, Distance: 38.9 km, Turbines: 66
  Start 0: Liberal=5723.2/5700.4, Conservative=5720.4/5697.9 GWh
  Start 1: Liberal=5706.9/5683.6, Conservative=5703.0/5679.9 GWh
  Start 2: Liberal=5727.4/5704.7, Conservative=5728.2/5705.7 GWh
  Start 3: Liberal=5711.7/5690.4, Conservative=5710.9/5689.9 GWh
  Start 4: Liberal=5718.9/5697.1, Conservative=5716.1/5694.6 GWh
  Start 5: Liberal=5719.1/5696.5, Conservative=5721.7/5699.2 GWh
  Start 6: Liberal=5724.1/5701.8, Conservative=5721.0/5699.6 GWh
  Start 7: Liberal=5719.7/5696.0, Conservative=5719.6/5696.1 GWh
  Start 8: Liberal=5703.4/5678.1, Conservative=5705.8/5680.6 GWh
  Start 9: Liberal=5702.5/5681.7, Conservative=5700.8/5680.2 GWh
  Start 10: Liberal=5711.7/5688.6, Conservative=5710.2/5686.8 GWh
  Start 11: Liberal=5727.4/5699.7, Conservative=5726.9/5699.4 GWh
  Start 12: Liberal=5725.7/5701.6, Conservative=5723.3/5699.1 GWh
  Start 13: Liberal=5702.2/5681.9, Conservative=5693.0/5673.7 GWh
  Start 14: Liberal=5718.1/5693.2, Conservative=5717.8/5692.9 GWh
  Start 15: Liberal=5711.5/5690.3, Conservative=5709.0/5688.2 GWh
  Start 16: Liberal=5718.0/5695.0, Conservative=5712.9/5690.8 GWh
  Start 17: Liberal=5718.4/5695.8, Conservative=5721.7/5699.3 GWh
  Start 18: Liberal=5718.9/5693.8, Conservative=5721.3/5696.5 GWh
  Start 19: Liberal=5716.0/5693.0, Conservative=5715.3/5692.1 GWh
  Start 20: Liberal=5702.6/5677.2, Conservative=5704.0/5679.1 GWh
  Start 21: Liberal=5717.9/5693.6, Conservative=5713.9/5690.4 GWh
  Start 22: Liberal=5712.5/5690.0, Conservative=5711.5/5689.0 GWh
  Start 23: Liberal=5718.7/5694.8, Conservative=5718.5/5694.7 GWh
  Start 24: Liberal=5714.8/5692.8, Conservative=5717.6/5695.3 GWh
  Start 25: Liberal=5721.1/5697.4, Conservative=5720.4/5696.5 GWh
  Start 26: Liberal=5705.1/5681.3, Conservative=5703.2/5680.1 GWh
  Start 27: Liberal=5717.9/5695.0, Conservative=5713.6/5691.0 GWh
  Start 28: Liberal=5723.1/5701.4, Conservative=5722.0/5700.5 GWh
  Start 29: Liberal=5725.2/5700.5, Conservative=5720.5/5696.1 GWh
  Start 30: Liberal=5715.7/5692.6, Conservative=5712.2/5690.0 GWh
  Start 31: Liberal=5725.1/5700.5, Conservative=5723.3/5698.7 GWh
  Start 32: Liberal=5722.5/5698.6, Conservative=5721.3/5697.5 GWh
  Start 33: Liberal=5714.1/5689.9, Conservative=5717.4/5692.9 GWh
  Start 34: Liberal=5712.7/5690.7, Conservative=5711.5/5689.6 GWh
  Start 35: Liberal=5708.0/5684.5, Conservative=5710.0/5686.1 GWh
  Start 36: Liberal=5706.5/5683.4, Conservative=5709.8/5686.7 GWh
  Start 37: Liberal=5714.1/5688.1, Conservative=5716.5/5690.8 GWh
  Start 38: Liberal=5711.8/5687.7, Conservative=5707.8/5684.0 GWh
  Start 39: Liberal=5720.0/5696.1, Conservative=5720.8/5697.2 GWh
  Start 40: Liberal=5712.8/5688.8, Conservative=5709.3/5685.9 GWh
  Start 41: Liberal=5727.5/5704.9, Conservative=5730.1/5707.7 GWh
  Start 42: Liberal=5713.6/5689.0, Conservative=5713.2/5689.5 GWh
  Start 43: Liberal=5700.3/5681.3, Conservative=5699.8/5680.9 GWh
  Start 44: Liberal=5731.2/5705.7, Conservative=5722.3/5698.8 GWh
  Start 45: Liberal=5710.5/5686.7, Conservative=5707.9/5684.7 GWh
  Start 46: Liberal=5703.5/5680.9, Conservative=5700.9/5678.3 GWh
  Start 47: Liberal=5720.8/5699.4, Conservative=5720.7/5699.1 GWh
  Start 48: Liberal=5725.2/5701.3, Conservative=5724.5/5700.5 GWh
  Start 49: Liberal=5725.1/5701.1, Conservative=5726.9/5703.3 GWh
Pareto points: 2
Liberal-optimal: 5731.2 / 5705.7 GWh
Conservative-optimal: 5730.1 / 5707.7 GWh
REGRET: 2.08 GWh (0.04%)
Time: 26959.5s
Saved 100 layouts to analysis/dei_A0.10/layouts_farm1.h5

--- SKIPPING ALL 9 NEIGHBORS TOGETHER (--skip-combined) ---

======================================================================
SUMMARY
======================================================================
Farm                            Direction    Regret (GWh)
----------------------------------------------------------------------
dk1d_tender_9 (SW)                    214°            2.08

Saved plot to analysis/dei_A0.10/dei_single_neighbor_turbopark_farm1.png
Saved results to analysis/dei_A0.10/dei_single_neighbor_turbopark_farm1.json
