======================================================================
DEI SINGLE NEIGHBOR ANALYSIS (TURBOPARK, A=0.1) - OPTIMIZED
======================================================================

Loading data...
Binned wind rose: 24 directions
Dominant direction: 278° (7.7% frequency)
Creating full time series AEP evaluator...
Full time series: 3653 samples (10 years daily data)
Compiling liberal optimizer...
/Users/julianquick/cluster-tradeoffs/.pixi/envs/default/lib/python3.13/site-packages/jax/_src/numpy/array_methods.py:125: UserWarning: Explicitly requested dtype float64 requested in astype is not available, and will be truncated to dtype float32. To enable more dtypes, set the jax_enable_x64 configuration option or the JAX_ENABLE_X64 shell environment variable. See https://github.com/jax-ml/jax#current-gotchas for more.
  return lax_numpy.astype(self, dtype, copy=copy, device=device)

======================================================================
Testing each neighbor farm individually (n_starts=50, max_iter=2000)
Farms to run: [7]
======================================================================

--- Farm 7: dk1b_tender7 (SE) ---
Direction: 89°, Distance: 24.5 km, Turbines: 66
  Start 0: Liberal=5723.2/5699.5, Conservative=5722.4/5698.8 GWh
  Start 1: Liberal=5706.9/5682.9, Conservative=5704.6/5680.9 GWh
  Start 2: Liberal=5727.4/5704.2, Conservative=5728.9/5706.1 GWh
  Start 3: Liberal=5711.7/5686.8, Conservative=5709.3/5684.6 GWh
  Start 4: Liberal=5718.9/5691.9, Conservative=5715.4/5689.1 GWh
  Start 5: Liberal=5719.1/5694.7, Conservative=5720.9/5696.5 GWh
  Start 6: Liberal=5724.1/5700.1, Conservative=5723.3/5699.2 GWh
  Start 7: Liberal=5719.7/5695.6, Conservative=5717.8/5693.9 GWh
  Start 8: Liberal=5703.4/5682.2, Conservative=5705.1/5684.0 GWh
  Start 9: Liberal=5702.5/5676.4, Conservative=5706.9/5680.8 GWh
  Start 10: Liberal=5711.7/5687.3, Conservative=5705.4/5681.9 GWh
  Start 11: Liberal=5727.4/5706.2, Conservative=5726.7/5705.5 GWh
  Start 12: Liberal=5725.7/5700.5, Conservative=5725.0/5700.3 GWh
  Start 13: Liberal=5702.2/5675.1, Conservative=5702.6/5676.0 GWh
  Start 14: Liberal=5718.1/5694.2, Conservative=5716.6/5692.9 GWh
  Start 15: Liberal=5711.5/5686.2, Conservative=5708.6/5683.2 GWh
  Start 16: Liberal=5718.0/5692.5, Conservative=5711.2/5686.0 GWh
  Start 17: Liberal=5718.4/5694.8, Conservative=5704.5/5681.8 GWh
  Start 18: Liberal=5718.9/5694.9, Conservative=5719.5/5695.4 GWh
  Start 19: Liberal=5716.0/5692.7, Conservative=5713.4/5690.2 GWh
  Start 20: Liberal=5702.6/5680.6, Conservative=5705.5/5683.6 GWh
  Start 21: Liberal=5717.9/5694.0, Conservative=5713.6/5689.9 GWh
  Start 22: Liberal=5712.5/5688.8, Conservative=5710.5/5687.0 GWh
  Start 23: Liberal=5718.7/5694.6, Conservative=5714.7/5690.4 GWh
  Start 24: Liberal=5714.8/5690.0, Conservative=5715.4/5690.8 GWh
  Start 25: Liberal=5721.1/5698.1, Conservative=5717.3/5694.9 GWh
  Start 26: Liberal=5705.1/5681.9, Conservative=5699.1/5675.5 GWh
  Start 27: Liberal=5717.9/5692.5, Conservative=5719.6/5694.2 GWh
  Start 28: Liberal=5723.1/5696.1, Conservative=5725.7/5699.0 GWh
  Start 29: Liberal=5725.2/5701.2, Conservative=5725.3/5701.7 GWh
  Start 30: Liberal=5715.7/5692.0, Conservative=5706.4/5683.5 GWh
  Start 31: Liberal=5725.1/5700.7, Conservative=5721.8/5697.5 GWh
  Start 32: Liberal=5722.5/5699.9, Conservative=5718.8/5696.1 GWh
  Start 33: Liberal=5714.1/5690.3, Conservative=5712.6/5688.8 GWh
  Start 34: Liberal=5712.7/5688.4, Conservative=5715.3/5691.1 GWh
  Start 35: Liberal=5708.0/5684.5, Conservative=5709.4/5686.1 GWh
  Start 36: Liberal=5706.5/5683.8, Conservative=5705.6/5682.9 GWh
  Start 37: Liberal=5714.1/5691.5, Conservative=5714.1/5692.1 GWh
  Start 38: Liberal=5711.8/5689.6, Conservative=5707.8/5685.7 GWh
  Start 39: Liberal=5720.0/5695.6, Conservative=5719.1/5695.1 GWh
  Start 40: Liberal=5712.8/5692.2, Conservative=5706.6/5686.0 GWh
  Start 41: Liberal=5727.5/5701.8, Conservative=5725.6/5699.7 GWh
  Start 42: Liberal=5713.6/5690.8, Conservative=5715.7/5692.8 GWh
  Start 43: Liberal=5700.3/5675.9, Conservative=5701.4/5676.9 GWh
  Start 44: Liberal=5731.2/5707.5, Conservative=5731.1/5707.9 GWh
  Start 45: Liberal=5710.5/5686.9, Conservative=5708.8/5685.4 GWh
  Start 46: Liberal=5703.5/5679.5, Conservative=5695.9/5672.7 GWh
  Start 47: Liberal=5720.8/5694.7, Conservative=5724.5/5698.5 GWh
  Start 48: Liberal=5725.2/5702.4, Conservative=5725.7/5702.8 GWh
  Start 49: Liberal=5725.1/5701.4, Conservative=5725.1/5701.3 GWh
Pareto points: 2
Liberal-optimal: 5731.2 / 5707.5 GWh
Conservative-optimal: 5731.1 / 5707.9 GWh
REGRET: 0.37 GWh (0.01%)
Time: 5634.9s
Saved 100 layouts to analysis/dei_A0.10/layouts_farm7.h5

--- SKIPPING ALL 9 NEIGHBORS TOGETHER (--skip-combined) ---

======================================================================
SUMMARY
======================================================================
Farm                            Direction    Regret (GWh)
----------------------------------------------------------------------
dk1b_tender7 (SE)                      89°            0.37

Saved plot to analysis/dei_A0.10/dei_single_neighbor_turbopark_farm7.png
Saved results to analysis/dei_A0.10/dei_single_neighbor_turbopark_farm7.json
