======================================================================
DEI SINGLE NEIGHBOR ANALYSIS (TURBOPARK, A=0.1) - OPTIMIZED
======================================================================

Loading data...
Binned wind rose: 24 directions
Dominant direction: 278° (7.7% frequency)
Creating full time series AEP evaluator...
Full time series: 3653 samples (10 years daily data)
Compiling liberal optimizer...
/Users/julianquick/cluster-tradeoffs/.pixi/envs/default/lib/python3.13/site-packages/jax/_src/numpy/array_methods.py:125: UserWarning: Explicitly requested dtype float64 requested in astype is not available, and will be truncated to dtype float32. To enable more dtypes, set the jax_enable_x64 configuration option or the JAX_ENABLE_X64 shell environment variable. See https://github.com/jax-ml/jax#current-gotchas for more.
  return lax_numpy.astype(self, dtype, copy=copy, device=device)

======================================================================
Testing each neighbor farm individually (n_starts=50, max_iter=2000)
Farms to run: [3]
======================================================================

--- Farm 3: dk0v_tender_1 (NW) ---
Direction: 335°, Distance: 29.2 km, Turbines: 66
  Start 0: Liberal=5723.2/5694.8, Conservative=5722.0/5694.3 GWh
  Start 1: Liberal=5706.9/5686.8, Conservative=5704.3/5684.8 GWh
  Start 2: Liberal=5727.4/5702.9, Conservative=5725.6/5701.9 GWh
  Start 3: Liberal=5711.7/5688.1, Conservative=5706.9/5684.5 GWh
  Start 4: Liberal=5718.9/5697.7, Conservative=5714.3/5693.3 GWh
  Start 5: Liberal=5719.1/5695.5, Conservative=5718.8/5695.5 GWh
  Start 6: Liberal=5724.1/5697.1, Conservative=5722.8/5696.2 GWh
  Start 7: Liberal=5719.7/5694.7, Conservative=5710.0/5687.5 GWh
  Start 8: Liberal=5703.4/5680.8, Conservative=5703.5/5680.8 GWh
  Start 9: Liberal=5702.5/5680.4, Conservative=5702.1/5681.5 GWh
  Start 10: Liberal=5711.7/5690.9, Conservative=5706.8/5687.4 GWh
  Start 11: Liberal=5727.4/5706.6, Conservative=5723.4/5703.5 GWh
  Start 12: Liberal=5725.7/5700.9, Conservative=5722.5/5699.1 GWh
  Start 13: Liberal=5702.2/5679.0, Conservative=5697.3/5674.6 GWh
  Start 14: Liberal=5718.1/5698.8, Conservative=5716.5/5697.3 GWh
  Start 15: Liberal=5711.5/5689.3, Conservative=5709.9/5687.6 GWh
  Start 16: Liberal=5718.0/5694.5, Conservative=5714.2/5690.4 GWh
  Start 17: Liberal=5718.4/5696.5, Conservative=5709.3/5689.0 GWh
  Start 18: Liberal=5718.9/5697.6, Conservative=5718.3/5697.2 GWh
  Start 19: Liberal=5716.0/5692.5, Conservative=5715.3/5691.7 GWh
  Start 20: Liberal=5702.6/5682.4, Conservative=5703.0/5682.9 GWh
  Start 21: Liberal=5717.9/5693.8, Conservative=5711.2/5686.9 GWh
  Start 22: Liberal=5712.5/5690.0, Conservative=5712.7/5691.0 GWh
  Start 23: Liberal=5718.7/5696.4, Conservative=5712.0/5689.8 GWh
  Start 24: Liberal=5714.8/5693.9, Conservative=5713.8/5693.4 GWh
  Start 25: Liberal=5721.1/5695.8, Conservative=5716.1/5692.2 GWh
  Start 26: Liberal=5705.1/5683.0, Conservative=5701.5/5680.2 GWh
  Start 27: Liberal=5717.9/5694.5, Conservative=5715.8/5692.6 GWh
  Start 28: Liberal=5723.1/5702.0, Conservative=5725.1/5703.9 GWh
  Start 29: Liberal=5725.2/5701.2, Conservative=5725.6/5701.8 GWh
  Start 30: Liberal=5715.7/5690.4, Conservative=5713.6/5689.1 GWh
  Start 31: Liberal=5725.1/5702.1, Conservative=5723.8/5701.0 GWh
  Start 32: Liberal=5722.5/5700.5, Conservative=5717.7/5695.8 GWh
  Start 33: Liberal=5714.1/5690.6, Conservative=5711.3/5689.0 GWh
  Start 34: Liberal=5712.7/5685.5, Conservative=5716.2/5690.1 GWh
  Start 35: Liberal=5708.0/5686.4, Conservative=5711.1/5690.7 GWh
  Start 36: Liberal=5706.5/5683.8, Conservative=5704.5/5682.6 GWh
  Start 37: Liberal=5714.1/5692.3, Conservative=5713.9/5693.0 GWh
  Start 38: Liberal=5711.8/5689.1, Conservative=5709.6/5686.7 GWh
  Start 39: Liberal=5720.0/5697.7, Conservative=5719.4/5697.6 GWh
  Start 40: Liberal=5712.8/5688.4, Conservative=5711.1/5687.5 GWh
  Start 41: Liberal=5727.5/5703.3, Conservative=5728.2/5703.3 GWh
  Start 42: Liberal=5713.6/5693.6, Conservative=5712.2/5692.3 GWh
  Start 43: Liberal=5700.3/5672.7, Conservative=5701.7/5675.0 GWh
  Start 44: Liberal=5731.2/5708.2, Conservative=5731.6/5708.9 GWh
  Start 45: Liberal=5710.5/5689.9, Conservative=5708.6/5689.0 GWh
  Start 46: Liberal=5703.5/5682.3, Conservative=5685.4/5666.2 GWh
  Start 47: Liberal=5720.8/5695.6, Conservative=5723.4/5698.2 GWh
  Start 48: Liberal=5725.2/5702.7, Conservative=5724.3/5702.2 GWh
  Start 49: Liberal=5725.1/5702.6, Conservative=5721.6/5700.1 GWh
Pareto points: 1
Liberal-optimal: 5731.6 / 5708.9 GWh
Conservative-optimal: 5731.6 / 5708.9 GWh
REGRET: 0.00 GWh (0.00%)
Time: 26737.3s
Saved 100 layouts to analysis/dei_A0.10/layouts_farm3.h5

--- SKIPPING ALL 9 NEIGHBORS TOGETHER (--skip-combined) ---

======================================================================
SUMMARY
======================================================================
Farm                            Direction    Regret (GWh)
----------------------------------------------------------------------
dk0v_tender_1 (NW)                    335°            0.00

Saved plot to analysis/dei_A0.10/dei_single_neighbor_turbopark_farm3.png
Saved results to analysis/dei_A0.10/dei_single_neighbor_turbopark_farm3.json
